<?xml version="1.0" encoding="UTF-8"?>
<testng-results skipped="0" failed="0" ignored="0" total="1" passed="1">
  <reporter-output>
  </reporter-output>
  <suite name="Default suite" duration-ms="20706" started-at="2021-01-06T03:47:47Z" finished-at="2021-01-06T03:48:08Z">
    <groups>
    </groups>
    <test name="Default test" duration-ms="20706" started-at="2021-01-06T03:47:47Z" finished-at="2021-01-06T03:48:08Z">
      <class name="com.flipkart.FlipKart.GeneralStoreTilt">
        <test-method status="PASS" signature="generalTilt()[pri:0, instance:com.flipkart.FlipKart.GeneralStoreTilt@4f933fd1]" name="generalTilt" duration-ms="20668" started-at="2021-01-06T09:17:47Z" finished-at="2021-01-06T09:18:08Z">
          <reporter-output>
          </reporter-output>
        </test-method> <!-- generalTilt -->
      </class> <!-- com.flipkart.FlipKart.GeneralStoreTilt -->
    </test> <!-- Default test -->
  </suite> <!-- Default suite -->
</testng-results>
